<?xml version="1.0" encoding="UTF-8"?>
<!-- Generated by org.testng.reporters.JUnitReportReporter -->
<testsuite skipped="0" hostname="SL-1029" name="saucelabs.tests.DiscountTiresTest" tests="1" failures="0" timestamp="26 Mar 2019 20:35:40 GMT" time="10.201" errors="0">
  <testcase name="testWithFirefox" time="10.201" classname="saucelabs.tests.DiscountTiresTest"/>
</testsuite> <!-- saucelabs.tests.DiscountTiresTest -->
