<?xml version="1.0" encoding="UTF-8"?>
<!-- Generated by org.testng.reporters.JUnitReportReporter -->
<testsuite skipped="0" hostname="SL-1029" name="addressbook.tests.SauceSel" tests="5" failures="0" timestamp="29 Dec 2018 07:39:21 GMT" time="47.117" errors="0">
  <testcase name="test_Windows_Firefox" time="9.577" classname="addressbook.tests.SauceSel"/>
  <testcase name="test_Windows_IE" time="9.726" classname="addressbook.tests.SauceSel"/>
  <testcase name="test_Windows_Chrome" time="6.939" classname="addressbook.tests.SauceSel"/>
  <testcase name="test_Mac_Safari" time="14.562" classname="addressbook.tests.SauceSel"/>
  <testcase name="test_Linux_Firefox" time="6.313" classname="addressbook.tests.SauceSel"/>
</testsuite> <!-- addressbook.tests.SauceSel -->
