<?xml version="1.0" encoding="UTF-8"?>
<!-- Generated by org.testng.reporters.JUnitReportReporter -->
<testsuite skipped="0" hostname="Muralis-MacBook-Pro.local" name="com.saucelabs.automation.addressbook.tests.HomePageTest" tests="4" failures="0" timestamp="28 Jun 2018 00:15:10 GMT" time="13.545" errors="0">
  <testcase name="VerifyHomePageLinkTest" time="3.271" classname="com.saucelabs.automation.addressbook.tests.HomePageTest"/>
  <testcase name="VerifySignInLinkTest" time="3.750" classname="com.saucelabs.automation.addressbook.tests.HomePageTest"/>
  <testcase name="VerifyAddressBookHeaderTest" time="3.276" classname="com.saucelabs.automation.addressbook.tests.HomePageTest"/>
  <testcase name="VerifyAddressBookDescriptionHeaderTest" time="3.248" classname="com.saucelabs.automation.addressbook.tests.HomePageTest"/>
</testsuite> <!-- com.saucelabs.automation.addressbook.tests.HomePageTest -->
