<?xml version="1.0" encoding="UTF-8"?>
<!-- Generated by org.testng.reporters.JUnitReportReporter -->
<testsuite skipped="4" hostname="SL-1029" name="addressbook.tests.SauceLabsBasic" tests="5" failures="0" timestamp="29 Dec 2018 08:59:02 GMT" time="9.408" errors="0">
  <testcase name="test_Windows_Firefox" time="9.408" classname="addressbook.tests.SauceLabsBasic"/>
  <testcase name="test_Mac_Safari" classname="addressbook.tests.SauceLabsBasic">
    <skipped/>
  </testcase> <!-- test_Mac_Safari -->
  <testcase name="test_Windows_Chrome" classname="addressbook.tests.SauceLabsBasic">
    <skipped/>
  </testcase> <!-- test_Windows_Chrome -->
  <testcase name="test_Linux_Firefox" classname="addressbook.tests.SauceLabsBasic">
    <skipped/>
  </testcase> <!-- test_Linux_Firefox -->
  <testcase name="test_Windows_IE" classname="addressbook.tests.SauceLabsBasic">
    <skipped/>
  </testcase> <!-- test_Windows_IE -->
</testsuite> <!-- addressbook.tests.SauceLabsBasic -->
